<?xml version="1.0" encoding="UTF-8"?>
<!-- Generated by org.testng.reporters.JUnitXMLReporter -->
<testsuite ignored="0" hostname="LAPTOP-276OLDDK" failures="0" tests="3" name="Default test" time="1.447" errors="0" timestamp="2021-08-17T11:48:32 IST">
  <testcase classname="June22.ReportDemo" name="testPass" time="0.022"/>
  <testcase classname="June22.ReportDemo" name="testSkip" time="0.002"/>
  <testcase classname="June22.ReportDemo" name="testfail" time="0.003"/>
</testsuite> <!-- Default test -->
