<?xml version="1.0" encoding="UTF-8"?>
<!-- Generated by org.testng.reporters.JUnitXMLReporter -->
<testsuite ignored="1" hostname="LAPTOP-276OLDDK" failures="0" tests="12" name="Report" time="209.376" errors="0" timestamp="2021-07-12T15:56:16 IST">
  <testcase classname="June15.Demo1" name="cbanking" time="2.102"/>
  <testcase classname="June15.Demo1" name="ibanking" time="0.864"/>
  <testcase classname="June15.Demo1" name="pbanking" time="2.348"/>
  <testcase classname="June15.Demo2" name="Admin" time="7.984"/>
  <testcase classname="June15.Demo2" name="leave" time="8.171"/>
  <testcase classname="June15.Demo2" name="pim" time="8.709"/>
  <testcase classname="June15.Demo3" name="multiplication" time="20.895"/>
  <testcase classname="June15.Demo3" name="addition" time="20.564"/>
  <testcase classname="June16.Dependonmethods" name="branches" time="7.297"/>
  <testcase classname="June16.Dependonmethods" name="roles" time="7.591"/>
  <testcase classname="June16.Dependonmethods" name="users" time="7.067"/>
  <testcase classname="June16.Dependonmethods" name="employee" time="6.362"/>
  <testcase classname="June15.Demo3" name="division" time="0.0">
    <ignored/>
  </testcase> <!-- division -->
</testsuite> <!-- Report -->
